This file contains any messages produced by compilers while
running configure, to aid debugging if configure makes a mistake.

It was created by xinput_calibrator configure 0.7.5, which was
generated by GNU Autoconf 2.65.  Invocation command line was

  $ ./configure 

## --------- ##
## Platform. ##
## --------- ##

hostname = raspberrypi
uname -m = armv7l
uname -r = 4.4.21-v7+
uname -s = Linux
uname -v = #911 SMP Thu Sep 15 14:22:38 BST 2016

/usr/bin/uname -p = unknown
/bin/uname -X     = unknown

/bin/arch              = unknown
/usr/bin/arch -k       = unknown
/usr/convex/getsysinfo = unknown
/usr/bin/hostinfo      = unknown
/bin/machine           = unknown
/usr/bin/oslevel       = unknown
/bin/universe          = unknown

PATH: /usr/local/sbin
PATH: /usr/local/bin
PATH: /usr/sbin
PATH: /usr/bin
PATH: /sbin
PATH: /bin


## ----------- ##
## Core tests. ##
## ----------- ##

configure:2595: checking for a BSD-compatible install
configure:2663: result: /usr/bin/install -c
configure:2674: checking whether build environment is sane
configure:2724: result: yes
configure:2865: checking for a thread-safe mkdir -p
configure:2904: result: /bin/mkdir -p
configure:2917: checking for gawk
configure:2947: result: no
configure:2917: checking for mawk
configure:2933: found /usr/bin/mawk
configure:2944: result: mawk
configure:2955: checking whether make sets $(MAKE)
configure:2977: result: yes
configure:3058: checking whether to enable maintainer-specific portions of Makefiles
configure:3067: result: no
configure:3129: checking for gcc
configure:3145: found /usr/bin/gcc
configure:3156: result: gcc
configure:3385: checking for C compiler version
configure:3394: gcc --version >&5
gcc (Raspbian 4.9.2-10) 4.9.2
Copyright (C) 2014 Free Software Foundation, Inc.
This is free software; see the source for copying conditions.  There is NO
warranty; not even for MERCHANTABILITY or FITNESS FOR A PARTICULAR PURPOSE.

configure:3405: $? = 0
configure:3394: gcc -v >&5
Using built-in specs.
COLLECT_GCC=gcc
COLLECT_LTO_WRAPPER=/usr/lib/gcc/arm-linux-gnueabihf/4.9/lto-wrapper
Target: arm-linux-gnueabihf
Configured with: ../src/configure -v --with-pkgversion='Raspbian 4.9.2-10' --with-bugurl=file:///usr/share/doc/gcc-4.9/README.Bugs --enable-languages=c,c++,java,go,d,fortran,objc,obj-c++ --prefix=/usr --program-suffix=-4.9 --enable-shared --enable-linker-build-id --libexecdir=/usr/lib --without-included-gettext --enable-threads=posix --with-gxx-include-dir=/usr/include/c++/4.9 --libdir=/usr/lib --enable-nls --with-sysroot=/ --enable-clocale=gnu --enable-libstdcxx-debug --enable-libstdcxx-time=yes --enable-gnu-unique-object --disable-libitm --disable-libquadmath --enable-plugin --with-system-zlib --disable-browser-plugin --enable-java-awt=gtk --enable-gtk-cairo --with-java-home=/usr/lib/jvm/java-1.5.0-gcj-4.9-armhf/jre --enable-java-home --with-jvm-root-dir=/usr/lib/jvm/java-1.5.0-gcj-4.9-armhf --with-jvm-jar-dir=/usr/lib/jvm-exports/java-1.5.0-gcj-4.9-armhf --with-arch-directory=arm --with-ecj-jar=/usr/share/java/eclipse-ecj.jar --enable-objc-gc --enable-multiarch --disable-sjlj-exceptions --with-arch=armv6 --with-fpu=vfp --with-float=hard --enable-checking=release --build=arm-linux-gnueabihf --host=arm-linux-gnueabihf --target=arm-linux-gnueabihf
Thread model: posix
gcc version 4.9.2 (Raspbian 4.9.2-10) 
configure:3405: $? = 0
configure:3394: gcc -V >&5
gcc: error: unrecognized command line option '-V'
gcc: fatal error: no input files
compilation terminated.
configure:3405: $? = 4
configure:3394: gcc -qversion >&5
gcc: error: unrecognized command line option '-qversion'
gcc: fatal error: no input files
compilation terminated.
configure:3405: $? = 4
configure:3425: checking whether the C compiler works
configure:3447: gcc    conftest.c  >&5
configure:3451: $? = 0
configure:3500: result: yes
configure:3503: checking for C compiler default output file name
configure:3505: result: a.out
configure:3511: checking for suffix of executables
configure:3518: gcc -o conftest    conftest.c  >&5
configure:3522: $? = 0
configure:3544: result: 
configure:3566: checking whether we are cross compiling
configure:3574: gcc -o conftest    conftest.c  >&5
configure:3578: $? = 0
configure:3585: ./conftest
configure:3589: $? = 0
configure:3604: result: no
configure:3609: checking for suffix of object files
configure:3631: gcc -c   conftest.c >&5
configure:3635: $? = 0
configure:3656: result: o
configure:3660: checking whether we are using the GNU C compiler
configure:3679: gcc -c   conftest.c >&5
configure:3679: $? = 0
configure:3688: result: yes
configure:3697: checking whether gcc accepts -g
configure:3717: gcc -c -g  conftest.c >&5
configure:3717: $? = 0
configure:3758: result: yes
configure:3775: checking for gcc option to accept ISO C89
configure:3839: gcc  -c -g -O2  conftest.c >&5
configure:3839: $? = 0
configure:3852: result: none needed
configure:3883: checking for style of include used by make
configure:3911: result: GNU
configure:3936: checking dependency style of gcc
configure:4046: result: gcc3
configure:4119: checking for g++
configure:4135: found /usr/bin/g++
configure:4146: result: g++
configure:4173: checking for C++ compiler version
configure:4182: g++ --version >&5
g++ (Raspbian 4.9.2-10) 4.9.2
Copyright (C) 2014 Free Software Foundation, Inc.
This is free software; see the source for copying conditions.  There is NO
warranty; not even for MERCHANTABILITY or FITNESS FOR A PARTICULAR PURPOSE.

configure:4193: $? = 0
configure:4182: g++ -v >&5
Using built-in specs.
COLLECT_GCC=g++
COLLECT_LTO_WRAPPER=/usr/lib/gcc/arm-linux-gnueabihf/4.9/lto-wrapper
Target: arm-linux-gnueabihf
Configured with: ../src/configure -v --with-pkgversion='Raspbian 4.9.2-10' --with-bugurl=file:///usr/share/doc/gcc-4.9/README.Bugs --enable-languages=c,c++,java,go,d,fortran,objc,obj-c++ --prefix=/usr --program-suffix=-4.9 --enable-shared --enable-linker-build-id --libexecdir=/usr/lib --without-included-gettext --enable-threads=posix --with-gxx-include-dir=/usr/include/c++/4.9 --libdir=/usr/lib --enable-nls --with-sysroot=/ --enable-clocale=gnu --enable-libstdcxx-debug --enable-libstdcxx-time=yes --enable-gnu-unique-object --disable-libitm --disable-libquadmath --enable-plugin --with-system-zlib --disable-browser-plugin --enable-java-awt=gtk --enable-gtk-cairo --with-java-home=/usr/lib/jvm/java-1.5.0-gcj-4.9-armhf/jre --enable-java-home --with-jvm-root-dir=/usr/lib/jvm/java-1.5.0-gcj-4.9-armhf --with-jvm-jar-dir=/usr/lib/jvm-exports/java-1.5.0-gcj-4.9-armhf --with-arch-directory=arm --with-ecj-jar=/usr/share/java/eclipse-ecj.jar --enable-objc-gc --enable-multiarch --disable-sjlj-exceptions --with-arch=armv6 --with-fpu=vfp --with-float=hard --enable-checking=release --build=arm-linux-gnueabihf --host=arm-linux-gnueabihf --target=arm-linux-gnueabihf
Thread model: posix
gcc version 4.9.2 (Raspbian 4.9.2-10) 
configure:4193: $? = 0
configure:4182: g++ -V >&5
g++: error: unrecognized command line option '-V'
g++: fatal error: no input files
compilation terminated.
configure:4193: $? = 4
configure:4182: g++ -qversion >&5
g++: error: unrecognized command line option '-qversion'
g++: fatal error: no input files
compilation terminated.
configure:4193: $? = 4
configure:4197: checking whether we are using the GNU C++ compiler
configure:4216: g++ -c   conftest.cpp >&5
configure:4216: $? = 0
configure:4225: result: yes
configure:4234: checking whether g++ accepts -g
configure:4254: g++ -c -g  conftest.cpp >&5
configure:4254: $? = 0
configure:4295: result: yes
configure:4320: checking dependency style of g++
configure:4430: result: gcc3
configure:4474: checking build system type
configure:4488: result: armv7l-unknown-linux-gnueabi
configure:4508: checking host system type
configure:4521: result: armv7l-unknown-linux-gnueabi
configure:4541: checking for a sed that does not truncate output
configure:4605: result: /bin/sed
configure:4623: checking for grep that handles long lines and -e
configure:4681: result: /bin/grep
configure:4686: checking for egrep
configure:4748: result: /bin/grep -E
configure:4753: checking for fgrep
configure:4815: result: /bin/grep -F
configure:4850: checking for ld used by gcc
configure:4917: result: /usr/bin/ld
configure:4924: checking if the linker (/usr/bin/ld) is GNU ld
configure:4939: result: yes
configure:4951: checking for BSD- or MS-compatible name lister (nm)
configure:5000: result: /usr/bin/nm -B
configure:5118: checking the name lister (/usr/bin/nm -B) interface
configure:5125: gcc -c -g -O2  conftest.c >&5
configure:5128: /usr/bin/nm -B "conftest.o"
configure:5131: output
00000000 B some_variable
configure:5138: result: BSD nm
configure:5141: checking whether ln -s works
configure:5145: result: yes
configure:5153: checking the maximum length of command line arguments
configure:5273: result: 1572864
configure:5290: checking whether the shell understands some XSI constructs
configure:5300: result: yes
configure:5304: checking whether the shell understands "+="
configure:5310: result: yes
configure:5345: checking for /usr/bin/ld option to reload object files
configure:5352: result: -r
configure:5421: checking for objdump
configure:5437: found /usr/bin/objdump
configure:5448: result: objdump
configure:5480: checking how to recognize dependent libraries
configure:5676: result: pass_all
configure:5736: checking for ar
configure:5752: found /usr/bin/ar
configure:5763: result: ar
configure:5841: checking for strip
configure:5857: found /usr/bin/strip
configure:5868: result: strip
configure:5940: checking for ranlib
configure:5956: found /usr/bin/ranlib
configure:5967: result: ranlib
configure:6057: checking command to parse /usr/bin/nm -B output from gcc object
configure:6175: gcc -c -g -O2  conftest.c >&5
configure:6178: $? = 0
configure:6182: /usr/bin/nm -B conftest.o \| sed -n -e 's/^.*[	 ]\([ABCDGIRSTW][ABCDGIRSTW]*\)[	 ][	 ]*\([_A-Za-z][_A-Za-z0-9]*\)$/\1 \2 \2/p' \> conftest.nm
configure:6185: $? = 0
configure:6239: gcc -o conftest -g -O2   conftest.c conftstm.o >&5
configure:6242: $? = 0
configure:6280: result: ok
configure:7089: checking how to run the C preprocessor
configure:7120: gcc -E  conftest.c
configure:7120: $? = 0
configure:7134: gcc -E  conftest.c
conftest.c:11:28: fatal error: ac_nonexistent.h: No such file or directory
 #include <ac_nonexistent.h>
                            ^
compilation terminated.
configure:7134: $? = 1
configure: failed program was:
| /* confdefs.h */
| #define PACKAGE_NAME "xinput_calibrator"
| #define PACKAGE_TARNAME "xinput_calibrator"
| #define PACKAGE_VERSION "0.7.5"
| #define PACKAGE_STRING "xinput_calibrator 0.7.5"
| #define PACKAGE_BUGREPORT "http://github.com/tias/xinput_calibrator/issues"
| #define PACKAGE_URL "http://www.freedesktop.org/wiki/Software/xinput_calibrator"
| #define PACKAGE "xinput_calibrator"
| #define VERSION "0.7.5"
| /* end confdefs.h.  */
| #include <ac_nonexistent.h>
configure:7159: result: gcc -E
configure:7179: gcc -E  conftest.c
configure:7179: $? = 0
configure:7193: gcc -E  conftest.c
conftest.c:11:28: fatal error: ac_nonexistent.h: No such file or directory
 #include <ac_nonexistent.h>
                            ^
compilation terminated.
configure:7193: $? = 1
configure: failed program was:
| /* confdefs.h */
| #define PACKAGE_NAME "xinput_calibrator"
| #define PACKAGE_TARNAME "xinput_calibrator"
| #define PACKAGE_VERSION "0.7.5"
| #define PACKAGE_STRING "xinput_calibrator 0.7.5"
| #define PACKAGE_BUGREPORT "http://github.com/tias/xinput_calibrator/issues"
| #define PACKAGE_URL "http://www.freedesktop.org/wiki/Software/xinput_calibrator"
| #define PACKAGE "xinput_calibrator"
| #define VERSION "0.7.5"
| /* end confdefs.h.  */
| #include <ac_nonexistent.h>
configure:7222: checking for ANSI C header files
configure:7242: gcc -c -g -O2  conftest.c >&5
configure:7242: $? = 0
configure:7315: gcc -o conftest -g -O2   conftest.c  >&5
configure:7315: $? = 0
configure:7315: ./conftest
configure:7315: $? = 0
configure:7326: result: yes
configure:7339: checking for sys/types.h
configure:7339: gcc -c -g -O2  conftest.c >&5
configure:7339: $? = 0
configure:7339: result: yes
configure:7339: checking for sys/stat.h
configure:7339: gcc -c -g -O2  conftest.c >&5
configure:7339: $? = 0
configure:7339: result: yes
configure:7339: checking for stdlib.h
configure:7339: gcc -c -g -O2  conftest.c >&5
configure:7339: $? = 0
configure:7339: result: yes
configure:7339: checking for string.h
configure:7339: gcc -c -g -O2  conftest.c >&5
configure:7339: $? = 0
configure:7339: result: yes
configure:7339: checking for memory.h
configure:7339: gcc -c -g -O2  conftest.c >&5
configure:7339: $? = 0
configure:7339: result: yes
configure:7339: checking for strings.h
configure:7339: gcc -c -g -O2  conftest.c >&5
configure:7339: $? = 0
configure:7339: result: yes
configure:7339: checking for inttypes.h
configure:7339: gcc -c -g -O2  conftest.c >&5
configure:7339: $? = 0
configure:7339: result: yes
configure:7339: checking for stdint.h
configure:7339: gcc -c -g -O2  conftest.c >&5
configure:7339: $? = 0
configure:7339: result: yes
configure:7339: checking for unistd.h
configure:7339: gcc -c -g -O2  conftest.c >&5
configure:7339: $? = 0
configure:7339: result: yes
configure:7354: checking for dlfcn.h
configure:7354: gcc -c -g -O2  conftest.c >&5
configure:7354: $? = 0
configure:7354: result: yes
configure:7479: checking for C++ compiler version
configure:7488: g++ --version >&5
g++ (Raspbian 4.9.2-10) 4.9.2
Copyright (C) 2014 Free Software Foundation, Inc.
This is free software; see the source for copying conditions.  There is NO
warranty; not even for MERCHANTABILITY or FITNESS FOR A PARTICULAR PURPOSE.

configure:7499: $? = 0
configure:7488: g++ -v >&5
Using built-in specs.
COLLECT_GCC=g++
COLLECT_LTO_WRAPPER=/usr/lib/gcc/arm-linux-gnueabihf/4.9/lto-wrapper
Target: arm-linux-gnueabihf
Configured with: ../src/configure -v --with-pkgversion='Raspbian 4.9.2-10' --with-bugurl=file:///usr/share/doc/gcc-4.9/README.Bugs --enable-languages=c,c++,java,go,d,fortran,objc,obj-c++ --prefix=/usr --program-suffix=-4.9 --enable-shared --enable-linker-build-id --libexecdir=/usr/lib --without-included-gettext --enable-threads=posix --with-gxx-include-dir=/usr/include/c++/4.9 --libdir=/usr/lib --enable-nls --with-sysroot=/ --enable-clocale=gnu --enable-libstdcxx-debug --enable-libstdcxx-time=yes --enable-gnu-unique-object --disable-libitm --disable-libquadmath --enable-plugin --with-system-zlib --disable-browser-plugin --enable-java-awt=gtk --enable-gtk-cairo --with-java-home=/usr/lib/jvm/java-1.5.0-gcj-4.9-armhf/jre --enable-java-home --with-jvm-root-dir=/usr/lib/jvm/java-1.5.0-gcj-4.9-armhf --with-jvm-jar-dir=/usr/lib/jvm-exports/java-1.5.0-gcj-4.9-armhf --with-arch-directory=arm --with-ecj-jar=/usr/share/java/eclipse-ecj.jar --enable-objc-gc --enable-multiarch --disable-sjlj-exceptions --with-arch=armv6 --with-fpu=vfp --with-float=hard --enable-checking=release --build=arm-linux-gnueabihf --host=arm-linux-gnueabihf --target=arm-linux-gnueabihf
Thread model: posix
gcc version 4.9.2 (Raspbian 4.9.2-10) 
configure:7499: $? = 0
configure:7488: g++ -V >&5
g++: error: unrecognized command line option '-V'
g++: fatal error: no input files
compilation terminated.
configure:7499: $? = 4
configure:7488: g++ -qversion >&5
g++: error: unrecognized command line option '-qversion'
g++: fatal error: no input files
compilation terminated.
configure:7499: $? = 4
configure:7503: checking whether we are using the GNU C++ compiler
configure:7531: result: yes
configure:7540: checking whether g++ accepts -g
configure:7601: result: yes
configure:7626: checking dependency style of g++
configure:7736: result: gcc3
configure:7759: checking how to run the C++ preprocessor
configure:7786: g++ -E  conftest.cpp
configure:7786: $? = 0
configure:7800: g++ -E  conftest.cpp
conftest.cpp:22:28: fatal error: ac_nonexistent.h: No such file or directory
 #include <ac_nonexistent.h>
                            ^
compilation terminated.
configure:7800: $? = 1
configure: failed program was:
| /* confdefs.h */
| #define PACKAGE_NAME "xinput_calibrator"
| #define PACKAGE_TARNAME "xinput_calibrator"
| #define PACKAGE_VERSION "0.7.5"
| #define PACKAGE_STRING "xinput_calibrator 0.7.5"
| #define PACKAGE_BUGREPORT "http://github.com/tias/xinput_calibrator/issues"
| #define PACKAGE_URL "http://www.freedesktop.org/wiki/Software/xinput_calibrator"
| #define PACKAGE "xinput_calibrator"
| #define VERSION "0.7.5"
| #define STDC_HEADERS 1
| #define HAVE_SYS_TYPES_H 1
| #define HAVE_SYS_STAT_H 1
| #define HAVE_STDLIB_H 1
| #define HAVE_STRING_H 1
| #define HAVE_MEMORY_H 1
| #define HAVE_STRINGS_H 1
| #define HAVE_INTTYPES_H 1
| #define HAVE_STDINT_H 1
| #define HAVE_UNISTD_H 1
| #define HAVE_DLFCN_H 1
| /* end confdefs.h.  */
| #include <ac_nonexistent.h>
configure:7825: result: g++ -E
configure:7845: g++ -E  conftest.cpp
configure:7845: $? = 0
configure:7859: g++ -E  conftest.cpp
conftest.cpp:22:28: fatal error: ac_nonexistent.h: No such file or directory
 #include <ac_nonexistent.h>
                            ^
compilation terminated.
configure:7859: $? = 1
configure: failed program was:
| /* confdefs.h */
| #define PACKAGE_NAME "xinput_calibrator"
| #define PACKAGE_TARNAME "xinput_calibrator"
| #define PACKAGE_VERSION "0.7.5"
| #define PACKAGE_STRING "xinput_calibrator 0.7.5"
| #define PACKAGE_BUGREPORT "http://github.com/tias/xinput_calibrator/issues"
| #define PACKAGE_URL "http://www.freedesktop.org/wiki/Software/xinput_calibrator"
| #define PACKAGE "xinput_calibrator"
| #define VERSION "0.7.5"
| #define STDC_HEADERS 1
| #define HAVE_SYS_TYPES_H 1
| #define HAVE_SYS_STAT_H 1
| #define HAVE_STDLIB_H 1
| #define HAVE_STRING_H 1
| #define HAVE_MEMORY_H 1
| #define HAVE_STRINGS_H 1
| #define HAVE_INTTYPES_H 1
| #define HAVE_STDINT_H 1
| #define HAVE_UNISTD_H 1
| #define HAVE_DLFCN_H 1
| /* end confdefs.h.  */
| #include <ac_nonexistent.h>
configure:8065: checking for objdir
configure:8080: result: .libs
configure:8372: checking if gcc supports -fno-rtti -fno-exceptions
configure:8390: gcc -c -g -O2  -fno-rtti -fno-exceptions conftest.c >&5
cc1: warning: command line option '-fno-rtti' is valid for C++/ObjC++ but not for C
configure:8394: $? = 0
configure:8407: result: no
configure:8427: checking for gcc option to produce PIC
configure:8699: result: -fPIC -DPIC
configure:8711: checking if gcc PIC flag -fPIC -DPIC works
configure:8729: gcc -c -g -O2  -fPIC -DPIC -DPIC conftest.c >&5
configure:8733: $? = 0
configure:8746: result: yes
configure:8770: checking if gcc static flag -static works
configure:8798: result: yes
configure:8813: checking if gcc supports -c -o file.o
configure:8834: gcc -c -g -O2  -o out/conftest2.o conftest.c >&5
configure:8838: $? = 0
configure:8860: result: yes
configure:8868: checking if gcc supports -c -o file.o
configure:8915: result: yes
configure:8948: checking whether the gcc linker (/usr/bin/ld) supports shared libraries
configure:9939: result: yes
configure:9976: checking whether -lc should be explicitly linked in
configure:9981: gcc -c -g -O2  conftest.c >&5
configure:9984: $? = 0
configure:9999: gcc -shared conftest.o  -v -Wl,-soname -Wl,conftest -o conftest 2\>\&1 \| /bin/grep  -lc  \>/dev/null 2\>\&1
configure:10002: $? = 0
configure:10014: result: no
configure:10178: checking dynamic linker characteristics
configure:10611: gcc -o conftest -g -O2   -Wl,-rpath -Wl,/foo conftest.c  >&5
configure:10611: $? = 0
configure:10841: result: GNU/Linux ld.so
configure:10943: checking how to hardcode library paths into programs
configure:10968: result: immediate
configure:11488: checking whether stripping libraries is possible
configure:11493: result: yes
configure:11528: checking if libtool supports shared libraries
configure:11530: result: yes
configure:11533: checking whether to build shared libraries
configure:11554: result: yes
configure:11557: checking whether to build static libraries
configure:11561: result: yes
configure:11711: checking for ld used by g++
configure:11778: result: /usr/bin/ld
configure:11785: checking if the linker (/usr/bin/ld) is GNU ld
configure:11800: result: yes
configure:11855: checking whether the g++ linker (/usr/bin/ld) supports shared libraries
configure:12768: result: yes
configure:12796: g++ -c -g -O2  conftest.cpp >&5
configure:12799: $? = 0
configure:12981: checking for g++ option to produce PIC
configure:13298: result: -fPIC -DPIC
configure:13307: checking if g++ PIC flag -fPIC -DPIC works
configure:13325: g++ -c -g -O2  -fPIC -DPIC -DPIC conftest.cpp >&5
configure:13329: $? = 0
configure:13342: result: yes
configure:13363: checking if g++ static flag -static works
configure:13391: result: yes
configure:13403: checking if g++ supports -c -o file.o
configure:13424: g++ -c -g -O2  -o out/conftest2.o conftest.cpp >&5
configure:13428: $? = 0
configure:13450: result: yes
configure:13455: checking if g++ supports -c -o file.o
configure:13502: result: yes
configure:13532: checking whether the g++ linker (/usr/bin/ld) supports shared libraries
configure:13561: result: yes
configure:13698: checking dynamic linker characteristics
configure:14079: g++ -o conftest -g -O2   -Wl,-rpath -Wl,/foo conftest.cpp  >&5
configure:14079: $? = 0
configure:14309: result: GNU/Linux ld.so
configure:14360: checking how to hardcode library paths into programs
configure:14385: result: immediate
configure:14445: checking for X
configure:14553: gcc -E  conftest.c
configure:14553: $? = 0
configure:14584: gcc -o conftest -g -O2   conftest.c -lX11  >&5
configure:14584: $? = 0
configure:14634: result: libraries , headers 
configure:14641: checking for stdlib.h
configure:14641: result: yes
configure:14641: checking for string.h
configure:14641: result: yes
configure:14652: checking for stdbool.h that conforms to C99
configure:14737: gcc -c -g -O2  conftest.c >&5
configure:14737: $? = 0
configure:14744: result: yes
configure:14746: checking for _Bool
configure:14746: gcc -c -g -O2  conftest.c >&5
configure:14746: $? = 0
configure:14746: gcc -c -g -O2  conftest.c >&5
conftest.c: In function 'main':
conftest.c:61:20: error: expected expression before ')' token
 if (sizeof ((_Bool)))
                    ^
configure:14746: $? = 1
configure: failed program was:
| /* confdefs.h */
| #define PACKAGE_NAME "xinput_calibrator"
| #define PACKAGE_TARNAME "xinput_calibrator"
| #define PACKAGE_VERSION "0.7.5"
| #define PACKAGE_STRING "xinput_calibrator 0.7.5"
| #define PACKAGE_BUGREPORT "http://github.com/tias/xinput_calibrator/issues"
| #define PACKAGE_URL "http://www.freedesktop.org/wiki/Software/xinput_calibrator"
| #define PACKAGE "xinput_calibrator"
| #define VERSION "0.7.5"
| #define STDC_HEADERS 1
| #define HAVE_SYS_TYPES_H 1
| #define HAVE_SYS_STAT_H 1
| #define HAVE_STDLIB_H 1
| #define HAVE_STRING_H 1
| #define HAVE_MEMORY_H 1
| #define HAVE_STRINGS_H 1
| #define HAVE_INTTYPES_H 1
| #define HAVE_STDINT_H 1
| #define HAVE_UNISTD_H 1
| #define HAVE_DLFCN_H 1
| #define LT_OBJDIR ".libs/"
| #define HAVE_STDLIB_H 1
| #define HAVE_STRING_H 1
| /* end confdefs.h.  */
| #include <stdio.h>
| #ifdef HAVE_SYS_TYPES_H
| # include <sys/types.h>
| #endif
| #ifdef HAVE_SYS_STAT_H
| # include <sys/stat.h>
| #endif
| #ifdef STDC_HEADERS
| # include <stdlib.h>
| # include <stddef.h>
| #else
| # ifdef HAVE_STDLIB_H
| #  include <stdlib.h>
| # endif
| #endif
| #ifdef HAVE_STRING_H
| # if !defined STDC_HEADERS && defined HAVE_MEMORY_H
| #  include <memory.h>
| # endif
| # include <string.h>
| #endif
| #ifdef HAVE_STRINGS_H
| # include <strings.h>
| #endif
| #ifdef HAVE_INTTYPES_H
| # include <inttypes.h>
| #endif
| #ifdef HAVE_STDINT_H
| # include <stdint.h>
| #endif
| #ifdef HAVE_UNISTD_H
| # include <unistd.h>
| #endif
| int
| main ()
| {
| if (sizeof ((_Bool)))
| 	    return 0;
|   ;
|   return 0;
| }
configure:14746: result: yes
configure:14762: checking for working strtod
configure:14803: gcc -o conftest -g -O2   conftest.c  >&5
configure:14803: $? = 0
configure:14803: ./conftest
configure:14803: $? = 0
configure:14813: result: yes
configure:14925: checking for pkg-config
configure:14943: found /usr/bin/pkg-config
configure:14955: result: /usr/bin/pkg-config
configure:14980: checking pkg-config is at least version 0.9.0
configure:14983: result: yes
configure:14994: checking for XINPUT
configure:15002: $PKG_CONFIG --exists --print-errors "x11 xext xi inputproto"
configure:15005: $? = 0
configure:15020: $PKG_CONFIG --exists --print-errors "x11 xext xi inputproto"
configure:15023: $? = 0
configure:15078: result: yes
configure:15087: checking for XI_PROP
configure:15095: $PKG_CONFIG --exists --print-errors "xi >= 1.2 inputproto >= 1.5"
configure:15098: $? = 0
configure:15113: $PKG_CONFIG --exists --print-errors "xi >= 1.2 inputproto >= 1.5"
configure:15116: $? = 0
configure:15152: result: yes
configure:15180: checking gui
configure:15182: result: default
configure:15189: checking for GTKMM
configure:15197: $PKG_CONFIG --exists --print-errors "gtkmm-2.4"
Package gtkmm-2.4 was not found in the pkg-config search path.
Perhaps you should add the directory containing `gtkmm-2.4.pc'
to the PKG_CONFIG_PATH environment variable
No package 'gtkmm-2.4' found
configure:15200: $? = 1
configure:15215: $PKG_CONFIG --exists --print-errors "gtkmm-2.4"
Package gtkmm-2.4 was not found in the pkg-config search path.
Perhaps you should add the directory containing `gtkmm-2.4.pc'
to the PKG_CONFIG_PATH environment variable
No package 'gtkmm-2.4' found
configure:15218: $? = 1
No package 'gtkmm-2.4' found
configure:15246: result: no
configure:15279: checking for X11
configure:15287: $PKG_CONFIG --exists --print-errors "x11"
configure:15290: $? = 0
configure:15305: $PKG_CONFIG --exists --print-errors "x11"
configure:15308: $? = 0
configure:15344: result: yes
configure:15354: checking for XRANDR
configure:15362: $PKG_CONFIG --exists --print-errors "xrandr"
configure:15365: $? = 0
configure:15380: $PKG_CONFIG --exists --print-errors "xrandr"
configure:15383: $? = 0
configure:15419: result: yes
configure:15617: creating ./config.status

## ---------------------- ##
## Running config.status. ##
## ---------------------- ##

This file was extended by xinput_calibrator config.status 0.7.5, which was
generated by GNU Autoconf 2.65.  Invocation command line was

  CONFIG_FILES    = 
  CONFIG_HEADERS  = 
  CONFIG_LINKS    = 
  CONFIG_COMMANDS = 
  $ ./config.status 

on raspberrypi

config.status:1074: creating Makefile
config.status:1074: creating scripts/Makefile
config.status:1074: creating src/Makefile
config.status:1074: creating src/calibrator/Makefile
config.status:1074: creating src/gui/Makefile
config.status:1074: creating man/Makefile
config.status:1237: executing depfiles commands
config.status:1237: executing libtool commands

## ---------------- ##
## Cache variables. ##
## ---------------- ##

ac_cv_build=armv7l-unknown-linux-gnueabi
ac_cv_c_compiler_gnu=yes
ac_cv_cxx_compiler_gnu=yes
ac_cv_env_CCC_set=
ac_cv_env_CCC_value=
ac_cv_env_CC_set=
ac_cv_env_CC_value=
ac_cv_env_CFLAGS_set=
ac_cv_env_CFLAGS_value=
ac_cv_env_CPPFLAGS_set=
ac_cv_env_CPPFLAGS_value=
ac_cv_env_CPP_set=
ac_cv_env_CPP_value=
ac_cv_env_CXXCPP_set=
ac_cv_env_CXXCPP_value=
ac_cv_env_CXXFLAGS_set=
ac_cv_env_CXXFLAGS_value=
ac_cv_env_CXX_set=
ac_cv_env_CXX_value=
ac_cv_env_GTKMM_CFLAGS_set=
ac_cv_env_GTKMM_CFLAGS_value=
ac_cv_env_GTKMM_LIBS_set=
ac_cv_env_GTKMM_LIBS_value=
ac_cv_env_LDFLAGS_set=
ac_cv_env_LDFLAGS_value=
ac_cv_env_LIBS_set=
ac_cv_env_LIBS_value=
ac_cv_env_PKG_CONFIG_set=
ac_cv_env_PKG_CONFIG_value=
ac_cv_env_X11_CFLAGS_set=
ac_cv_env_X11_CFLAGS_value=
ac_cv_env_X11_LIBS_set=
ac_cv_env_X11_LIBS_value=
ac_cv_env_XINPUT_CFLAGS_set=
ac_cv_env_XINPUT_CFLAGS_value=
ac_cv_env_XINPUT_LIBS_set=
ac_cv_env_XINPUT_LIBS_value=
ac_cv_env_XI_PROP_CFLAGS_set=
ac_cv_env_XI_PROP_CFLAGS_value=
ac_cv_env_XI_PROP_LIBS_set=
ac_cv_env_XI_PROP_LIBS_value=
ac_cv_env_XMKMF_set=
ac_cv_env_XMKMF_value=
ac_cv_env_XRANDR_CFLAGS_set=
ac_cv_env_XRANDR_CFLAGS_value=
ac_cv_env_XRANDR_LIBS_set=
ac_cv_env_XRANDR_LIBS_value=
ac_cv_env_build_alias_set=
ac_cv_env_build_alias_value=
ac_cv_env_host_alias_set=
ac_cv_env_host_alias_value=
ac_cv_env_target_alias_set=
ac_cv_env_target_alias_value=
ac_cv_func_strtod=yes
ac_cv_have_x='have_x=yes	ac_x_includes='\'''\''	ac_x_libraries='\'''\'''
ac_cv_header_dlfcn_h=yes
ac_cv_header_inttypes_h=yes
ac_cv_header_memory_h=yes
ac_cv_header_stdbool_h=yes
ac_cv_header_stdc=yes
ac_cv_header_stdint_h=yes
ac_cv_header_stdlib_h=yes
ac_cv_header_string_h=yes
ac_cv_header_strings_h=yes
ac_cv_header_sys_stat_h=yes
ac_cv_header_sys_types_h=yes
ac_cv_header_unistd_h=yes
ac_cv_host=armv7l-unknown-linux-gnueabi
ac_cv_objext=o
ac_cv_path_EGREP='/bin/grep -E'
ac_cv_path_FGREP='/bin/grep -F'
ac_cv_path_GREP=/bin/grep
ac_cv_path_SED=/bin/sed
ac_cv_path_ac_pt_PKG_CONFIG=/usr/bin/pkg-config
ac_cv_path_install='/usr/bin/install -c'
ac_cv_path_mkdir=/bin/mkdir
ac_cv_prog_AWK=mawk
ac_cv_prog_CPP='gcc -E'
ac_cv_prog_CXXCPP='g++ -E'
ac_cv_prog_ac_ct_AR=ar
ac_cv_prog_ac_ct_CC=gcc
ac_cv_prog_ac_ct_CXX=g++
ac_cv_prog_ac_ct_OBJDUMP=objdump
ac_cv_prog_ac_ct_RANLIB=ranlib
ac_cv_prog_ac_ct_STRIP=strip
ac_cv_prog_cc_c89=
ac_cv_prog_cc_g=yes
ac_cv_prog_cxx_g=yes
ac_cv_prog_make_make_set=yes
ac_cv_type__Bool=yes
am_cv_CC_dependencies_compiler_type=gcc3
am_cv_CXX_dependencies_compiler_type=gcc3
lt_cv_deplibs_check_method=pass_all
lt_cv_file_magic_cmd='$MAGIC_CMD'
lt_cv_file_magic_test_file=
lt_cv_ld_reload_flag=-r
lt_cv_nm_interface='BSD nm'
lt_cv_objdir=.libs
lt_cv_path_LD=/usr/bin/ld
lt_cv_path_LDCXX=/usr/bin/ld
lt_cv_path_NM='/usr/bin/nm -B'
lt_cv_prog_compiler_c_o=yes
lt_cv_prog_compiler_c_o_CXX=yes
lt_cv_prog_compiler_pic_works=yes
lt_cv_prog_compiler_pic_works_CXX=yes
lt_cv_prog_compiler_rtti_exceptions=no
lt_cv_prog_compiler_static_works=yes
lt_cv_prog_compiler_static_works_CXX=yes
lt_cv_prog_gnu_ld=yes
lt_cv_prog_gnu_ldcxx=yes
lt_cv_sys_global_symbol_pipe='sed -n -e '\''s/^.*[	 ]\([ABCDGIRSTW][ABCDGIRSTW]*\)[	 ][	 ]*\([_A-Za-z][_A-Za-z0-9]*\)$/\1 \2 \2/p'\'''
lt_cv_sys_global_symbol_to_c_name_address='sed -n -e '\''s/^: \([^ ]*\) $/  {\"\1\", (void *) 0},/p'\'' -e '\''s/^[ABCDGIRSTW]* \([^ ]*\) \([^ ]*\)$/  {"\2", (void *) \&\2},/p'\'''
lt_cv_sys_global_symbol_to_c_name_address_lib_prefix='sed -n -e '\''s/^: \([^ ]*\) $/  {\"\1\", (void *) 0},/p'\'' -e '\''s/^[ABCDGIRSTW]* \([^ ]*\) \(lib[^ ]*\)$/  {"\2", (void *) \&\2},/p'\'' -e '\''s/^[ABCDGIRSTW]* \([^ ]*\) \([^ ]*\)$/  {"lib\2", (void *) \&\2},/p'\'''
lt_cv_sys_global_symbol_to_cdecl='sed -n -e '\''s/^T .* \(.*\)$/extern int \1();/p'\'' -e '\''s/^[ABCDGIRSTW]* .* \(.*\)$/extern char \1;/p'\'''
lt_cv_sys_max_cmd_len=1572864
pkg_cv_X11_CFLAGS=
pkg_cv_X11_LIBS='-lX11 '
pkg_cv_XINPUT_CFLAGS=
pkg_cv_XINPUT_LIBS='-lX11 -lXext -lXi '
pkg_cv_XI_PROP_CFLAGS=
pkg_cv_XI_PROP_LIBS='-lXi '
pkg_cv_XRANDR_CFLAGS=
pkg_cv_XRANDR_LIBS='-lXrandr '

## ----------------- ##
## Output variables. ##
## ----------------- ##

ACLOCAL='${SHELL} /opt/touch/xinput_calibrator-0.7.5/missing --run aclocal-1.11'
AMDEPBACKSLASH='\'
AMDEP_FALSE='#'
AMDEP_TRUE=''
AMTAR='${SHELL} /opt/touch/xinput_calibrator-0.7.5/missing --run tar'
AR='ar'
AUTOCONF='${SHELL} /opt/touch/xinput_calibrator-0.7.5/missing --run autoconf'
AUTOHEADER='${SHELL} /opt/touch/xinput_calibrator-0.7.5/missing --run autoheader'
AUTOMAKE='${SHELL} /opt/touch/xinput_calibrator-0.7.5/missing --run automake-1.11'
AWK='mawk'
BUILD_GTKMM_FALSE=''
BUILD_GTKMM_TRUE='#'
BUILD_X11_FALSE='#'
BUILD_X11_TRUE=''
CC='gcc'
CCDEPMODE='depmode=gcc3'
CFLAGS='-g -O2'
CPP='gcc -E'
CPPFLAGS=''
CXX='g++'
CXXCPP='g++ -E'
CXXDEPMODE='depmode=gcc3'
CXXFLAGS='-g -O2'
CYGPATH_W='echo'
DEFS='-DPACKAGE_NAME=\"xinput_calibrator\" -DPACKAGE_TARNAME=\"xinput_calibrator\" -DPACKAGE_VERSION=\"0.7.5\" -DPACKAGE_STRING=\"xinput_calibrator\ 0.7.5\" -DPACKAGE_BUGREPORT=\"http://github.com/tias/xinput_calibrator/issues\" -DPACKAGE_URL=\"http://www.freedesktop.org/wiki/Software/xinput_calibrator\" -DPACKAGE=\"xinput_calibrator\" -DVERSION=\"0.7.5\" -DSTDC_HEADERS=1 -DHAVE_SYS_TYPES_H=1 -DHAVE_SYS_STAT_H=1 -DHAVE_STDLIB_H=1 -DHAVE_STRING_H=1 -DHAVE_MEMORY_H=1 -DHAVE_STRINGS_H=1 -DHAVE_INTTYPES_H=1 -DHAVE_STDINT_H=1 -DHAVE_UNISTD_H=1 -DHAVE_DLFCN_H=1 -DLT_OBJDIR=\".libs/\" -DHAVE_STDLIB_H=1 -DHAVE_STRING_H=1 -DHAVE__BOOL=1 -DHAVE_STDBOOL_H=1 -DHAVE_XI_PROP=1 -DHAVE_X11_XRANDR=1'
DEPDIR='.deps'
DSYMUTIL=''
DUMPBIN=''
ECHO_C=''
ECHO_N='-n'
ECHO_T=''
EGREP='/bin/grep -E'
EXEEXT=''
FGREP='/bin/grep -F'
GREP='/bin/grep'
GTKMM_CFLAGS=''
GTKMM_LIBS=''
INSTALL_DATA='${INSTALL} -m 644'
INSTALL_PROGRAM='${INSTALL}'
INSTALL_SCRIPT='${INSTALL}'
INSTALL_STRIP_PROGRAM='$(install_sh) -c -s'
LD='/usr/bin/ld'
LDFLAGS=''
LIBOBJS=''
LIBS=''
LIBTOOL='$(SHELL) $(top_builddir)/libtool'
LIPO=''
LN_S='ln -s'
LTLIBOBJS=''
MAINT='#'
MAINTAINER_MODE_FALSE=''
MAINTAINER_MODE_TRUE='#'
MAKEINFO='${SHELL} /opt/touch/xinput_calibrator-0.7.5/missing --run makeinfo'
MKDIR_P='/bin/mkdir -p'
NM='/usr/bin/nm -B'
NMEDIT=''
OBJDUMP='objdump'
OBJEXT='o'
OTOOL64=''
OTOOL=''
PACKAGE='xinput_calibrator'
PACKAGE_BUGREPORT='http://github.com/tias/xinput_calibrator/issues'
PACKAGE_NAME='xinput_calibrator'
PACKAGE_STRING='xinput_calibrator 0.7.5'
PACKAGE_TARNAME='xinput_calibrator'
PACKAGE_URL='http://www.freedesktop.org/wiki/Software/xinput_calibrator'
PACKAGE_VERSION='0.7.5'
PATH_SEPARATOR=':'
PKG_CONFIG='/usr/bin/pkg-config'
POW_LIB=''
RANLIB='ranlib'
SED='/bin/sed'
SET_MAKE=''
SHELL='/bin/bash'
STRIP='strip'
VERSION='0.7.5'
X11_CFLAGS=''
X11_LIBS='-lX11 '
XINPUT_CFLAGS=''
XINPUT_LIBS='-lX11 -lXext -lXi '
XI_PROP_CFLAGS=''
XI_PROP_LIBS='-lXi '
XMKMF=''
XRANDR_CFLAGS=''
XRANDR_LIBS='-lXrandr '
ac_ct_CC='gcc'
ac_ct_CXX='g++'
ac_ct_DUMPBIN=''
am__EXEEXT_FALSE=''
am__EXEEXT_TRUE='#'
am__fastdepCC_FALSE='#'
am__fastdepCC_TRUE=''
am__fastdepCXX_FALSE='#'
am__fastdepCXX_TRUE=''
am__include='include'
am__isrc=''
am__leading_dot='.'
am__quote=''
am__tar='${AMTAR} chof - "$$tardir"'
am__untar='${AMTAR} xf -'
bindir='${exec_prefix}/bin'
build='armv7l-unknown-linux-gnueabi'
build_alias=''
build_cpu='armv7l'
build_os='linux-gnueabi'
build_vendor='unknown'
datadir='${datarootdir}'
datarootdir='${prefix}/share'
docdir='${datarootdir}/doc/${PACKAGE_TARNAME}'
dvidir='${docdir}'
exec_prefix='${prefix}'
host='armv7l-unknown-linux-gnueabi'
host_alias=''
host_cpu='armv7l'
host_os='linux-gnueabi'
host_vendor='unknown'
htmldir='${docdir}'
includedir='${prefix}/include'
infodir='${datarootdir}/info'
install_sh='${SHELL} /opt/touch/xinput_calibrator-0.7.5/install-sh'
libdir='${exec_prefix}/lib'
libexecdir='${exec_prefix}/libexec'
localedir='${datarootdir}/locale'
localstatedir='${prefix}/var'
lt_ECHO='echo'
mandir='${datarootdir}/man'
mkdir_p='/bin/mkdir -p'
oldincludedir='/usr/include'
pdfdir='${docdir}'
prefix='/usr/local'
program_transform_name='s,x,x,'
psdir='${docdir}'
sbindir='${exec_prefix}/sbin'
sharedstatedir='${prefix}/com'
sysconfdir='${prefix}/etc'
target_alias=''

## ----------- ##
## confdefs.h. ##
## ----------- ##

/* confdefs.h */
#define PACKAGE_NAME "xinput_calibrator"
#define PACKAGE_TARNAME "xinput_calibrator"
#define PACKAGE_VERSION "0.7.5"
#define PACKAGE_STRING "xinput_calibrator 0.7.5"
#define PACKAGE_BUGREPORT "http://github.com/tias/xinput_calibrator/issues"
#define PACKAGE_URL "http://www.freedesktop.org/wiki/Software/xinput_calibrator"
#define PACKAGE "xinput_calibrator"
#define VERSION "0.7.5"
#define STDC_HEADERS 1
#define HAVE_SYS_TYPES_H 1
#define HAVE_SYS_STAT_H 1
#define HAVE_STDLIB_H 1
#define HAVE_STRING_H 1
#define HAVE_MEMORY_H 1
#define HAVE_STRINGS_H 1
#define HAVE_INTTYPES_H 1
#define HAVE_STDINT_H 1
#define HAVE_UNISTD_H 1
#define HAVE_DLFCN_H 1
#define LT_OBJDIR ".libs/"
#define HAVE_STDLIB_H 1
#define HAVE_STRING_H 1
#define HAVE__BOOL 1
#define HAVE_STDBOOL_H 1
#define HAVE_XI_PROP 1
#define HAVE_X11_XRANDR 1

configure: exit 0
